{
  "slices": [
    {
      "id": "3458764659734822851",
      "status": "Done",
      "index": 1,
      "title": "slice: Company List Look Up",
      "context": "Socraft Client Portal v3",
      "sliceType": "STATE_VIEW",
      "commands": [],
      "events": [],
      "readmodels": [
        {
          "id": "3458764659734822859",
          "tags": [],
          "elementContext": "INTERNAL",
          "modelContext": "Socraft Client Portal v3",
          "context": "INTERNAL",
          "slice": "slice: Company List Look Up",
          "title": "CompanyListLookUp",
          "fields": [
            {
              "name": "settingsId",
              "type": "UUID",
              "subfields": [],
              "cardinality": "Single",
              "idAttribute": true
            },
            {
              "name": "ListOfCompanies",
              "type": "Custom",
              "generated": true,
              "subfields": [
                {
                  "name": "organizationId",
                  "type": "Long",
                  "cardinality": "Single"
                },
                {
                  "name": "companyName",
                  "type": "String",
                  "cardinality": "Single"
                }
              ],
              "cardinality": "List",
              "idAttribute": false
            }
          ],
          "type": "READMODEL",
          "description": "",
          "aggregate": "Settings",
          "aggregateDependencies": [
            "Settings"
          ],
          "dependencies": [
            {
              "id": "3458764659734822861",
              "type": "OUTBOUND",
              "title": "CompanyListLookUp",
              "elementType": "SCREEN"
            },
            {
              "id": "3458764659734822853",
              "type": "INBOUND",
              "title": "List of Companies Fetched",
              "elementType": "EVENT"
            }
          ],
          "createsAggregate": false,
          "triggers": [],
          "sketched": false,
          "prototype": {
            "activeByDefault": false
          }
        }
      ],
      "screens": [
        {
          "id": "3458764659734822861",
          "tags": [],
          "groupId": "3458764659734822869",
          "elementContext": "INTERNAL",
          "modelContext": "Socraft Client Portal v3",
          "context": "INTERNAL",
          "slice": "slice: Company List Look Up",
          "title": "CompanyListLookUp",
          "fields": [
            {
              "name": "settingsId",
              "type": "UUID",
              "subfields": [],
              "cardinality": "Single",
              "idAttribute": true
            },
            {
              "name": "ListOfCompanies",
              "type": "Custom",
              "generated": true,
              "subfields": [
                {
                  "name": "organizationId",
                  "type": "Long",
                  "cardinality": "Single"
                },
                {
                  "name": "companyName",
                  "type": "String",
                  "cardinality": "Single"
                }
              ],
              "cardinality": "List",
              "idAttribute": false
            }
          ],
          "type": "SCREEN",
          "description": "",
          "aggregate": "Settings",
          "aggregateDependencies": [
            "Settings"
          ],
          "dependencies": [
            {
              "id": "3458764659734822859",
              "type": "INBOUND",
              "title": "CompanyListLookUp",
              "elementType": "READMODEL"
            }
          ],
          "createsAggregate": false,
          "triggers": [],
          "sketched": false,
          "prototype": {
            "activeByDefault": false
          }
        }
      ],
      "screenImages": [],
      "screenLayouts": [],
      "processors": [],
      "tables": [],
      "specifications": [],
      "actors": [],
      "aggregates": [
        "Settings"
      ]
    },
    {
      "id": "3458764659734675972",
      "status": "Done",
      "index": 3,
      "title": "slice: Admin Connection",
      "context": "Socraft Client Portal v3",
      "sliceType": "STATE_CHANGE",
      "commands": [
        {
          "id": "3458764659734675975",
          "tags": [],
          "elementContext": "INTERNAL",
          "modelContext": "Socraft Client Portal v3",
          "context": "INTERNAL",
          "slice": "slice: Admin Connection",
          "title": "To connect",
          "fields": [
            {
              "name": "connectionId",
              "type": "UUID",
              "generated": true,
              "subfields": [],
              "cardinality": "Single",
              "idAttribute": true
            },
            {
              "name": "email",
              "type": "String",
              "subfields": [],
              "cardinality": "Single",
              "idAttribute": false
            }
          ],
          "type": "COMMAND",
          "description": "",
          "aggregate": "Account",
          "aggregateDependencies": [
            "Account"
          ],
          "dependencies": [
            {
              "id": "3458764659734675973",
              "type": "OUTBOUND",
              "title": "Admin Connected",
              "elementType": "EVENT"
            },
            {
              "id": "3458764659734675977",
              "type": "INBOUND",
              "title": "Admin Connection",
              "elementType": "SCREEN"
            }
          ],
          "createsAggregate": false,
          "triggers": [],
          "sketched": false,
          "prototype": {
            "activeByDefault": false
          }
        }
      ],
      "events": [
        {
          "id": "3458764659734675973",
          "tags": [],
          "elementContext": "INTERNAL",
          "modelContext": "Socraft Client Portal v3",
          "context": "INTERNAL",
          "slice": "slice: Admin Connection",
          "title": "Admin Connected",
          "fields": [
            {
              "name": "connectionId",
              "type": "UUID",
              "subfields": [],
              "cardinality": "Single",
              "idAttribute": true
            },
            {
              "name": "email",
              "type": "String",
              "subfields": [],
              "cardinality": "Single",
              "idAttribute": false
            }
          ],
          "type": "EVENT",
          "description": "",
          "aggregate": "Account",
          "aggregateDependencies": [
            "Account"
          ],
          "dependencies": [
            {
              "id": "3458764659734822173",
              "type": "OUTBOUND",
              "title": "Admin Connected",
              "elementType": "READMODEL"
            },
            {
              "id": "3458764659734675975",
              "type": "INBOUND",
              "title": "To connect",
              "elementType": "COMMAND"
            }
          ],
          "createsAggregate": false,
          "triggers": [],
          "sketched": false,
          "prototype": {
            "activeByDefault": false
          }
        }
      ],
      "readmodels": [],
      "screens": [
        {
          "id": "3458764659734675977",
          "tags": [],
          "groupId": "3458764659734675982",
          "elementContext": "INTERNAL",
          "modelContext": "Socraft Client Portal v3",
          "context": "INTERNAL",
          "slice": "slice: Admin Connection",
          "title": "Admin Connection",
          "fields": [
            {
              "name": "email",
              "type": "String",
              "generated": true,
              "subfields": [],
              "cardinality": "Single",
              "idAttribute": true
            }
          ],
          "type": "SCREEN",
          "description": "",
          "aggregate": "Account",
          "aggregateDependencies": [
            "Account"
          ],
          "dependencies": [
            {
              "id": "3458764659734675975",
              "type": "OUTBOUND",
              "title": "To connect",
              "elementType": "COMMAND"
            }
          ],
          "createsAggregate": false,
          "triggers": [],
          "sketched": false,
          "prototype": {
            "activeByDefault": false
          }
        }
      ],
      "screenImages": [],
      "screenLayouts": [],
      "processors": [],
      "tables": [],
      "specifications": [
        {
          "vertical": false,
          "id": "3458764659756708369",
          "sliceName": "<p>slice: Admin Connection</p>",
          "title": "spec: Admin Connection Ensure Non Null Values",
          "given": [],
          "when": [
            {
              "title": "To connect",
              "tags": [],
              "examples": [],
              "id": "3458764659756708370",
              "index": 0,
              "specRow": -1,
              "type": "SPEC_COMMAND",
              "fields": [
                {
                  "name": "connectionId",
                  "type": "UUID",
                  "generated": true,
                  "subfields": [],
                  "cardinality": "Single",
                  "idAttribute": true,
                  "example": "24af641b-d7ef-43ce-8325-79089244a4a8"
                },
                {
                  "name": "email",
                  "type": "String",
                  "subfields": [],
                  "cardinality": "Single",
                  "example": "test@test.com"
                }
              ],
              "linkedId": "3458764659734675975"
            }
          ],
          "then": [
            {
              "title": "Admin Connected",
              "tags": [],
              "examples": [],
              "id": "3458764659756708374",
              "index": 0,
              "specRow": -1,
              "type": "SPEC_EVENT",
              "fields": [
                {
                  "name": "connectionId",
                  "type": "UUID",
                  "subfields": [],
                  "cardinality": "Single",
                  "idAttribute": true,
                  "example": "24af641b-d7ef-43ce-8325-79089244a4a8"
                },
                {
                  "name": "email",
                  "type": "String",
                  "subfields": [],
                  "cardinality": "Single",
                  "example": "test@test"
                }
              ],
              "linkedId": "3458764659734675973"
            }
          ],
          "comments": [
            {
              "description": "Ensure non null values"
            }
          ],
          "linkedId": "3458764659734675972"
        }
      ],
      "actors": [],
      "aggregates": [
        "Account"
      ]
    },
    {
      "id": "3458764659734822171",
      "status": "Done",
      "index": 5,
      "title": "slice: Admin Connected",
      "context": "Socraft Client Portal v3",
      "sliceType": "STATE_VIEW",
      "commands": [],
      "events": [],
      "readmodels": [
        {
          "id": "3458764659734822173",
          "tags": [],
          "elementContext": "INTERNAL",
          "modelContext": "Socraft Client Portal v3",
          "context": "INTERNAL",
          "slice": "slice: Admin Connected",
          "title": "Admin Connected",
          "fields": [
            {
              "name": "connectionId",
              "type": "UUID",
              "subfields": [],
              "cardinality": "Single",
              "idAttribute": true
            },
            {
              "name": "email",
              "type": "String",
              "subfields": [],
              "cardinality": "Single",
              "idAttribute": false
            }
          ],
          "type": "READMODEL",
          "description": "",
          "aggregate": "Account",
          "aggregateDependencies": [
            "Account"
          ],
          "dependencies": [
            {
              "id": "3458764659756306802",
              "type": "OUTBOUND",
              "title": "Settings",
              "elementType": "SCREEN"
            },
            {
              "id": "3458764659734675973",
              "type": "INBOUND",
              "title": "Admin Connected",
              "elementType": "EVENT"
            }
          ],
          "createsAggregate": false,
          "triggers": [],
          "sketched": false,
          "prototype": {
            "activeByDefault": false
          }
        }
      ],
      "screens": [
        {
          "id": "3458764659756306802",
          "tags": [],
          "groupId": "3458764659756306813",
          "elementContext": "INTERNAL",
          "modelContext": "Socraft Client Portal v3",
          "context": "INTERNAL",
          "slice": "slice: Admin Connected",
          "title": "Settings",
          "fields": [
            {
              "name": "settingsId",
              "type": "UUID",
              "generated": true,
              "subfields": [],
              "cardinality": "Single",
              "idAttribute": true
            },
            {
              "name": "connectionId",
              "type": "UUID",
              "subfields": [],
              "cardinality": "Single",
              "idAttribute": false
            }
          ],
          "type": "SCREEN",
          "description": "",
          "aggregate": "Account",
          "aggregateDependencies": [
            "Account"
          ],
          "dependencies": [
            {
              "id": "3458764659756306800",
              "type": "OUTBOUND",
              "title": "Create Settings",
              "elementType": "COMMAND"
            },
            {
              "id": "3458764659734822173",
              "type": "INBOUND",
              "title": "Admin Connected",
              "elementType": "READMODEL"
            }
          ],
          "createsAggregate": false,
          "triggers": [],
          "sketched": false,
          "prototype": {
            "activeByDefault": false
          }
        }
      ],
      "screenImages": [],
      "screenLayouts": [],
      "processors": [],
      "tables": [],
      "specifications": [],
      "actors": [],
      "aggregates": [
        "Account"
      ]
    },
    {
      "id": "3458764659756306798",
      "status": "Done",
      "index": 7,
      "title": "slice: InitializeSettings",
      "context": "Socraft Client Portal v3",
      "sliceType": "STATE_CHANGE",
      "commands": [
        {
          "id": "3458764659756306800",
          "tags": [],
          "elementContext": "INTERNAL",
          "modelContext": "Socraft Client Portal v3",
          "context": "INTERNAL",
          "slice": "slice: InitializeSettings",
          "title": "Create Settings",
          "fields": [
            {
              "name": "settingsId",
              "type": "UUID",
              "generated": true,
              "example": "\"00000000-0000-0000-0000-000000000001\"",
              "subfields": [],
              "cardinality": "Single",
              "idAttribute": true
            },
            {
              "name": "connectionId",
              "type": "UUID",
              "subfields": [],
              "cardinality": "Single",
              "idAttribute": false
            }
          ],
          "type": "COMMAND",
          "description": "",
          "aggregate": "Settings",
          "aggregateDependencies": [
            "Settings"
          ],
          "dependencies": [
            {
              "id": "3458764659756306799",
              "type": "OUTBOUND",
              "title": "Settings Created",
              "elementType": "EVENT"
            },
            {
              "id": "3458764659756306802",
              "type": "INBOUND",
              "title": "Settings",
              "elementType": "SCREEN"
            }
          ],
          "createsAggregate": false,
          "triggers": [],
          "sketched": false,
          "prototype": {
            "activeByDefault": false
          }
        }
      ],
      "events": [
        {
          "id": "3458764659756306799",
          "tags": [],
          "elementContext": "INTERNAL",
          "modelContext": "Socraft Client Portal v3",
          "context": "INTERNAL",
          "slice": "slice: InitializeSettings",
          "title": "Settings Created",
          "fields": [
            {
              "name": "settingsId",
              "type": "UUID",
              "example": "\"00000000-0000-0000-0000-000000000001\"",
              "subfields": [],
              "cardinality": "Single",
              "idAttribute": true
            },
            {
              "name": "connectionId",
              "type": "UUID",
              "subfields": [],
              "cardinality": "Single",
              "idAttribute": false
            }
          ],
          "type": "EVENT",
          "description": "",
          "aggregate": "Settings",
          "aggregateDependencies": [
            "Settings"
          ],
          "dependencies": [
            {
              "id": "3458764659756306810",
              "type": "OUTBOUND",
              "title": "Settings",
              "elementType": "READMODEL"
            },
            {
              "id": "3458764659756306800",
              "type": "INBOUND",
              "title": "Create Settings",
              "elementType": "COMMAND"
            }
          ],
          "createsAggregate": false,
          "triggers": [],
          "sketched": false,
          "prototype": {
            "activeByDefault": false
          }
        }
      ],
      "readmodels": [],
      "screens": [
        {
          "id": "3458764659756306802",
          "tags": [],
          "groupId": "3458764659756306813",
          "elementContext": "INTERNAL",
          "modelContext": "Socraft Client Portal v3",
          "context": "INTERNAL",
          "slice": "slice: InitializeSettings",
          "title": "Settings",
          "fields": [
            {
              "name": "settingsId",
              "type": "UUID",
              "generated": true,
              "subfields": [],
              "cardinality": "Single",
              "idAttribute": true
            },
            {
              "name": "connectionId",
              "type": "UUID",
              "subfields": [],
              "cardinality": "Single",
              "idAttribute": false
            }
          ],
          "type": "SCREEN",
          "description": "",
          "aggregate": "Settings",
          "aggregateDependencies": [
            "Settings"
          ],
          "dependencies": [
            {
              "id": "3458764659756306800",
              "type": "OUTBOUND",
              "title": "Create Settings",
              "elementType": "COMMAND"
            },
            {
              "id": "3458764659734822173",
              "type": "INBOUND",
              "title": "Admin Connected",
              "elementType": "READMODEL"
            }
          ],
          "createsAggregate": false,
          "triggers": [],
          "sketched": false,
          "prototype": {
            "activeByDefault": false
          }
        }
      ],
      "screenImages": [],
      "screenLayouts": [],
      "processors": [],
      "tables": [],
      "specifications": [],
      "actors": [],
      "aggregates": [
        "Settings"
      ]
    },
    {
      "id": "3458764659756306797",
      "status": "Informational",
      "index": 9,
      "title": "slice: SettingsView",
      "context": "Socraft Client Portal v3",
      "sliceType": "STATE_VIEW",
      "commands": [],
      "events": [],
      "readmodels": [
        {
          "id": "3458764659756306810",
          "tags": [],
          "elementContext": "INTERNAL",
          "modelContext": "Socraft Client Portal v3",
          "context": "INTERNAL",
          "slice": "slice: SettingsView",
          "title": "Settings",
          "fields": [
            {
              "name": "settingsId",
              "type": "UUID",
              "example": "\"00000000-0000-0000-0000-000000000001\"",
              "subfields": [],
              "cardinality": "Single",
              "idAttribute": true
            }
          ],
          "type": "READMODEL",
          "description": "",
          "aggregate": "Settings",
          "aggregateDependencies": [
            "Settings"
          ],
          "dependencies": [
            {
              "id": "3458764659734822179",
              "type": "OUTBOUND",
              "title": "List of companies",
              "elementType": "SCREEN"
            },
            {
              "id": "3458764659756306799",
              "type": "INBOUND",
              "title": "Settings Created",
              "elementType": "EVENT"
            }
          ],
          "createsAggregate": false,
          "triggers": [],
          "sketched": false,
          "prototype": {
            "activeByDefault": false
          }
        }
      ],
      "screens": [
        {
          "id": "3458764659734822179",
          "tags": [],
          "groupId": "3458764659734822195",
          "elementContext": "INTERNAL",
          "modelContext": "Socraft Client Portal v3",
          "context": "INTERNAL",
          "slice": "slice: SettingsView",
          "title": "List of companies",
          "fields": [
            {
              "name": "settingsId",
              "type": "UUID",
              "generated": true,
              "subfields": [],
              "cardinality": "Single",
              "idAttribute": true
            }
          ],
          "type": "SCREEN",
          "description": "",
          "aggregate": "Settings",
          "aggregateDependencies": [
            "Settings"
          ],
          "dependencies": [
            {
              "id": "3458764659734822177",
              "type": "OUTBOUND",
              "title": "Request Company List Update",
              "elementType": "COMMAND"
            },
            {
              "id": "3458764659756306810",
              "type": "INBOUND",
              "title": "Settings",
              "elementType": "READMODEL"
            }
          ],
          "createsAggregate": false,
          "triggers": [],
          "sketched": false,
          "prototype": {
            "activeByDefault": false
          }
        }
      ],
      "screenImages": [],
      "screenLayouts": [],
      "processors": [],
      "tables": [],
      "specifications": [],
      "actors": [],
      "aggregates": [
        "Settings"
      ]
    },
    {
      "id": "3458764659734822169",
      "status": "Done",
      "index": 11,
      "title": "slice: Request Company List Update",
      "context": "Socraft Client Portal v3",
      "sliceType": "STATE_CHANGE",
      "commands": [
        {
          "id": "3458764659734822177",
          "tags": [],
          "elementContext": "INTERNAL",
          "modelContext": "Socraft Client Portal v3",
          "context": "INTERNAL",
          "slice": "slice: Request Company List Update",
          "title": "Request Company List Update",
          "fields": [
            {
              "name": "settingsId",
              "type": "UUID",
              "generated": true,
              "subfields": [],
              "cardinality": "Single",
              "idAttribute": true
            }
          ],
          "type": "COMMAND",
          "description": "",
          "aggregate": "Settings",
          "aggregateDependencies": [
            "Settings"
          ],
          "dependencies": [
            {
              "id": "3458764659734822172",
              "type": "OUTBOUND",
              "title": "Company List Update Requested",
              "elementType": "EVENT"
            },
            {
              "id": "3458764659734822179",
              "type": "INBOUND",
              "title": "List of companies",
              "elementType": "SCREEN"
            }
          ],
          "createsAggregate": false,
          "triggers": [],
          "sketched": false,
          "prototype": {
            "activeByDefault": false
          }
        }
      ],
      "events": [
        {
          "id": "3458764659734822172",
          "tags": [],
          "elementContext": "INTERNAL",
          "modelContext": "Socraft Client Portal v3",
          "context": "INTERNAL",
          "slice": "slice: Request Company List Update",
          "title": "Company List Update Requested",
          "fields": [
            {
              "name": "settingsId",
              "type": "UUID",
              "generated": true,
              "subfields": [],
              "cardinality": "Single",
              "idAttribute": true
            }
          ],
          "type": "EVENT",
          "description": "",
          "aggregate": "Settings",
          "aggregateDependencies": [
            "Settings"
          ],
          "dependencies": [
            {
              "id": "3458764659735379611",
              "type": "OUTBOUND",
              "title": "CompanyListToFetch",
              "elementType": "READMODEL"
            },
            {
              "id": "3458764659734822177",
              "type": "INBOUND",
              "title": "Request Company List Update",
              "elementType": "COMMAND"
            }
          ],
          "createsAggregate": false,
          "triggers": [],
          "sketched": false,
          "prototype": {
            "activeByDefault": false
          }
        }
      ],
      "readmodels": [],
      "screens": [
        {
          "id": "3458764659734822179",
          "tags": [],
          "groupId": "3458764659734822195",
          "elementContext": "INTERNAL",
          "modelContext": "Socraft Client Portal v3",
          "context": "INTERNAL",
          "slice": "slice: Request Company List Update",
          "title": "List of companies",
          "fields": [
            {
              "name": "settingsId",
              "type": "UUID",
              "generated": true,
              "subfields": [],
              "cardinality": "Single",
              "idAttribute": true
            }
          ],
          "type": "SCREEN",
          "description": "",
          "aggregate": "Settings",
          "aggregateDependencies": [
            "Settings"
          ],
          "dependencies": [
            {
              "id": "3458764659734822177",
              "type": "OUTBOUND",
              "title": "Request Company List Update",
              "elementType": "COMMAND"
            },
            {
              "id": "3458764659756306810",
              "type": "INBOUND",
              "title": "Settings",
              "elementType": "READMODEL"
            }
          ],
          "createsAggregate": false,
          "triggers": [],
          "sketched": false,
          "prototype": {
            "activeByDefault": false
          }
        }
      ],
      "screenImages": [],
      "screenLayouts": [],
      "processors": [],
      "tables": [],
      "specifications": [],
      "actors": [],
      "aggregates": [
        "Settings"
      ]
    },
    {
      "id": "3458764659734822170",
      "status": "Informational",
      "index": 13,
      "title": "slice: CompanyListToFetch",
      "context": "Socraft Client Portal v3",
      "sliceType": "STATE_VIEW",
      "commands": [],
      "events": [],
      "readmodels": [
        {
          "id": "3458764659735379611",
          "tags": [],
          "elementContext": "INTERNAL",
          "modelContext": "Socraft Client Portal v3",
          "context": "INTERNAL",
          "slice": "slice: CompanyListToFetch",
          "title": "CompanyListToFetch",
          "fields": [
            {
              "name": "settingsId",
              "type": "UUID",
              "generated": true,
              "subfields": [],
              "cardinality": "Single",
              "idAttribute": true
            }
          ],
          "type": "READMODEL",
          "description": "",
          "aggregate": "Settings",
          "aggregateDependencies": [
            "Settings"
          ],
          "dependencies": [
            {
              "id": "3458764659734822854",
              "type": "OUTBOUND",
              "title": "processor Fetch Boond Companies List",
              "elementType": "AUTOMATION"
            },
            {
              "id": "3458764659734822172",
              "type": "INBOUND",
              "title": "Company List Update Requested",
              "elementType": "EVENT"
            }
          ],
          "createsAggregate": false,
          "triggers": [],
          "sketched": false,
          "prototype": {
            "activeByDefault": false
          }
        }
      ],
      "screens": [],
      "screenImages": [],
      "screenLayouts": [],
      "processors": [],
      "tables": [],
      "specifications": [],
      "actors": [],
      "aggregates": [
        "Settings"
      ]
    },
    {
      "id": "3458764659734822850",
      "status": "Informational",
      "index": 15,
      "title": "slice: Adapter Boond Companies Data",
      "context": "Socraft Client Portal v3",
      "sliceType": "STATE_VIEW",
      "commands": [],
      "events": [],
      "readmodels": [
        {
          "id": "3458764659734822864",
          "tags": [],
          "elementContext": "INTERNAL",
          "modelContext": "Socraft Client Portal v3",
          "context": "INTERNAL",
          "slice": "slice: Adapter Boond Companies Data",
          "title": "Boond Companies Data",
          "fields": [
            {
              "name": "ListOfCompanies",
              "type": "Custom",
              "generated": true,
              "subfields": [
                {
                  "name": "organizationId",
                  "type": "Long",
                  "cardinality": "Single"
                },
                {
                  "name": "companyName",
                  "type": "String",
                  "cardinality": "Single"
                }
              ],
              "cardinality": "List",
              "idAttribute": true
            }
          ],
          "type": "READMODEL",
          "description": "",
          "aggregate": "default",
          "aggregateDependencies": [],
          "dependencies": [
            {
              "id": "3458764659734822854",
              "type": "OUTBOUND",
              "title": "processor Fetch Boond Companies List",
              "elementType": "AUTOMATION"
            }
          ],
          "createsAggregate": false,
          "triggers": [],
          "sketched": false,
          "prototype": {
            "activeByDefault": false
          }
        }
      ],
      "screens": [],
      "screenImages": [],
      "screenLayouts": [],
      "processors": [],
      "tables": [],
      "specifications": [],
      "actors": [],
      "aggregates": []
    },
    {
      "id": "3458764659734822852",
      "status": "Done",
      "index": 17,
      "title": "slice: Fetch Companies List From Boond",
      "context": "Socraft Client Portal v3",
      "sliceType": "STATE_CHANGE",
      "commands": [
        {
          "id": "3458764659734822856",
          "tags": [],
          "elementContext": "INTERNAL",
          "modelContext": "Socraft Client Portal v3",
          "context": "INTERNAL",
          "slice": "slice: Fetch Companies List From Boond",
          "title": "Mark List of Companies Fetched",
          "fields": [
            {
              "name": "settingsId",
              "type": "UUID",
              "subfields": [],
              "cardinality": "Single",
              "idAttribute": true
            },
            {
              "name": "ListOfCompanies",
              "type": "Custom",
              "generated": true,
              "subfields": [
                {
                  "name": "organizationId",
                  "type": "Long",
                  "cardinality": "Single"
                },
                {
                  "name": "companyName",
                  "type": "String",
                  "cardinality": "Single"
                }
              ],
              "cardinality": "List",
              "idAttribute": false
            }
          ],
          "type": "COMMAND",
          "description": "",
          "aggregate": "Settings",
          "aggregateDependencies": [
            "Settings"
          ],
          "dependencies": [
            {
              "id": "3458764659734822853",
              "type": "OUTBOUND",
              "title": "List of Companies Fetched",
              "elementType": "EVENT"
            },
            {
              "id": "3458764659734822854",
              "type": "INBOUND",
              "title": "processor Fetch Boond Companies List",
              "elementType": "AUTOMATION"
            }
          ],
          "createsAggregate": false,
          "triggers": [],
          "sketched": false,
          "prototype": {
            "activeByDefault": false
          }
        }
      ],
      "events": [
        {
          "id": "3458764659734822853",
          "tags": [],
          "elementContext": "INTERNAL",
          "modelContext": "Socraft Client Portal v3",
          "context": "INTERNAL",
          "slice": "slice: Fetch Companies List From Boond",
          "title": "List of Companies Fetched",
          "fields": [
            {
              "name": "settingsId",
              "type": "UUID",
              "subfields": [],
              "cardinality": "Single",
              "idAttribute": true
            },
            {
              "name": "ListOfCompanies",
              "type": "Custom",
              "generated": true,
              "subfields": [
                {
                  "name": "organizationId",
                  "type": "Long",
                  "cardinality": "Single"
                },
                {
                  "name": "companyName",
                  "type": "String",
                  "cardinality": "Single"
                }
              ],
              "cardinality": "List",
              "idAttribute": false
            }
          ],
          "type": "EVENT",
          "description": "",
          "aggregate": "Settings",
          "aggregateDependencies": [
            "Settings"
          ],
          "dependencies": [
            {
              "id": "3458764659734822859",
              "type": "OUTBOUND",
              "title": "CompanyListLookUp",
              "elementType": "READMODEL"
            },
            {
              "id": "3458764659734822856",
              "type": "INBOUND",
              "title": "Mark List of Companies Fetched",
              "elementType": "COMMAND"
            }
          ],
          "createsAggregate": false,
          "triggers": [],
          "sketched": false,
          "prototype": {
            "activeByDefault": false
          }
        }
      ],
      "readmodels": [],
      "screens": [],
      "screenImages": [],
      "screenLayouts": [],
      "processors": [
        {
          "id": "3458764659734822854",
          "tags": [],
          "groupId": "3458764659734822868",
          "elementContext": "INTERNAL",
          "modelContext": "Socraft Client Portal v3",
          "context": "INTERNAL",
          "slice": "slice: Fetch Companies List From Boond",
          "title": "processor Fetch Boond Companies List",
          "fields": [
            {
              "name": "settingsId",
              "type": "UUID",
              "example": "\"00000000-0000-0000-0000-000000000001\"",
              "subfields": [],
              "cardinality": "Single",
              "idAttribute": true
            },
            {
              "name": "invoiceId",
              "type": "String",
              "generated": true,
              "subfields": [],
              "cardinality": "Single",
              "idAttribute": true
            },
            {
              "name": "ListOfCompanies",
              "type": "Custom",
              "generated": true,
              "subfields": [
                {
                  "name": "organizationId",
                  "type": "Long",
                  "cardinality": "Single"
                },
                {
                  "name": "companyName",
                  "type": "String",
                  "cardinality": "Single"
                }
              ],
              "cardinality": "List",
              "idAttribute": false
            }
          ],
          "type": "AUTOMATION",
          "description": "",
          "aggregate": "Settings",
          "aggregateDependencies": [
            "Settings"
          ],
          "dependencies": [
            {
              "id": "3458764659734822856",
              "type": "OUTBOUND",
              "title": "Mark List of Companies Fetched",
              "elementType": "COMMAND"
            },
            {
              "id": "3458764659735379611",
              "type": "INBOUND",
              "title": "CompanyListToFetch",
              "elementType": "READMODEL"
            },
            {
              "id": "3458764659734822864",
              "type": "INBOUND",
              "title": "Boond Companies Data",
              "elementType": "READMODEL"
            }
          ],
          "createsAggregate": false,
          "triggers": [],
          "sketched": false,
          "prototype": {
            "activeByDefault": false
          }
        }
      ],
      "tables": [],
      "specifications": [],
      "actors": [],
      "aggregates": [
        "Settings"
      ]
    }
  ],
  "flows": [],
  "aggregates": [
    {
      "id": "3458764659018613768",
      "title": "Settings",
      "fields": [],
      "type": "AGGREGATE"
    },
    {
      "id": "3458764659735791382",
      "title": "Account",
      "fields": [],
      "type": "AGGREGATE"
    }
  ],
  "actors": [],
  "context": "Socraft Client Portal v3",
  "codeGen": {
    "application": "SocraftWebPortal",
    "rootPackage": "Administration",
    "contextPackage": "Administration"
  },
  "boardId": "uXjVIKUE2jo=",
  "sliceGroups": [],
  "sliceImages": [],
  "sliceLayouts": []
}